The system is: Windows - 10.0.22621 - AMD64
Compiling the C compiler identification source file "CMakeCCompilerId.c" succeeded.
Compiler: C:/Program Files/JetBrains/CLion 2022.3.2/bin/mingw/bin/gcc.exe 
Build flags: 
Id flags:  

The output was:
0


Compilation of the C compiler identification source "CMakeCCompilerId.c" produced "a.exe"

The C compiler identification is GNU, found in "C:/Users/alest/CLionProjects/oop/movie_rental_store/cmake-build-debug/CMakeFiles/3.24.2/CompilerIdC/a.exe"

Compiling the CXX compiler identification source file "CMakeCXXCompilerId.cpp" succeeded.
Compiler: C:/Program Files/JetBrains/CLion 2022.3.2/bin/mingw/bin/g++.exe 
Build flags: 
Id flags:  

The output was:
0


Compilation of the CXX compiler identification source "CMakeCXXCompilerId.cpp" produced "a.exe"

The CXX compiler identification is GNU, found in "C:/Users/alest/CLionProjects/oop/movie_rental_store/cmake-build-debug/CMakeFiles/3.24.2/CompilerIdCXX/a.exe"

Determining if the C compiler works passed with the following output:
Change Dir: C:/Users/alest/CLionProjects/oop/movie_rental_store/cmake-build-debug/CMakeFiles/CMakeTmp

Run Build Command(s):C:/Program Files/JetBrains/CLion 2022.3.2/bin/ninja/win/x64/ninja.exe cmTC_7ea0a && [1/2] Building C object CMakeFiles/cmTC_7ea0a.dir/testCCompiler.c.obj
[2/2] Linking C executable cmTC_7ea0a.exe



Determining if the CXX compiler works passed with the following output:
Change Dir: C:/Users/alest/CLionProjects/oop/movie_rental_store/cmake-build-debug/CMakeFiles/CMakeTmp

Run Build Command(s):C:/Program Files/JetBrains/CLion 2022.3.2/bin/ninja/win/x64/ninja.exe cmTC_b6a67 && [1/2] Building CXX object CMakeFiles/cmTC_b6a67.dir/testCXXCompiler.cxx.obj
[2/2] Linking CXX executable cmTC_b6a67.exe



Performing C SOURCE FILE Test CMAKE_HAVE_LIBC_PTHREAD succeeded with the following output:
Change Dir: C:/Users/alest/CLionProjects/oop/movie_rental_store/cmake-build-debug/CMakeFiles/CMakeTmp

Run Build Command(s):C:/Program Files/JetBrains/CLion 2022.3.2/bin/ninja/win/x64/ninja.exe cmTC_d6e9c && [1/2] Building C object CMakeFiles/cmTC_d6e9c.dir/src.c.obj
[2/2] Linking C executable cmTC_d6e9c.exe


Source file was:
#include <pthread.h>

static void* test_func(void* data)
{
  return data;
}

int main(void)
{
  pthread_t thread;
  pthread_create(&thread, NULL, test_func, NULL);
  pthread_detach(thread);
  pthread_cancel(thread);
  pthread_join(thread, NULL);
  pthread_atfork(NULL, NULL, NULL);
  pthread_exit(NULL);

  return 0;
}

Performing C++ SOURCE FILE Test HAVE_STDATOMIC succeeded with the following output:
Change Dir: C:/Users/alest/CLionProjects/oop/movie_rental_store/cmake-build-debug/CMakeFiles/CMakeTmp

Run Build Command(s):C:/Program Files/JetBrains/CLion 2022.3.2/bin/ninja/win/x64/ninja.exe cmTC_f1525 && [1/2] Building CXX object CMakeFiles/cmTC_f1525.dir/src.cxx.obj
[2/2] Linking CXX executable cmTC_f1525.exe


Source file was:
#include <atomic>
#include <cstdint>

int main(int, char **)
{
    volatile std::atomic<char>    size_1;
    volatile std::atomic<short>   size_2;
    volatile std::atomic<int>     size_4;
    volatile std::atomic<int64_t> size_8;

    ++size_1;
    ++size_2;
    ++size_4;
    ++size_8;

    (void)size_1.load(std::memory_order_relaxed);
    (void)size_2.load(std::memory_order_relaxed);
    (void)size_4.load(std::memory_order_relaxed);
    (void)size_8.load(std::memory_order_relaxed);

    return 0;
}
